2024-10-16 12:02:17,450 - INFO - Creating new experiment: Chihuahua vs Muffin Test Experiment
2024-10-16 12:02:17,473 - INFO - Starting trial: trial_1
2024-10-16 12:02:30,495 - ERROR - Exception occurred:
 x and y must have same first dimension, but have shapes (50,) and (25,)
2024-10-16 12:09:33,120 - INFO - Resuming experiment: Chihuahua vs Muffin Test Experiment
2024-10-16 12:09:33,120 - WARNING - Ignoring directory and/or name parameters
2024-10-16 12:09:33,146 - INFO - Starting trial: trial_1
2024-10-16 12:09:52,469 - INFO - Finalizing trial: trial_1
2024-10-16 12:09:52,980 - INFO - Starting trial: trial_2
2024-10-16 12:10:10,437 - INFO - Finalizing trial: trial_2
2024-10-16 12:10:10,935 - INFO - Starting trial: trial_3
2024-10-16 12:10:28,679 - INFO - Finalizing trial: trial_3
2024-10-16 12:10:29,189 - INFO - Starting trial: trial_4
2024-10-16 12:10:47,397 - INFO - Finalizing trial: trial_4
2024-10-16 12:10:47,903 - INFO - Starting trial: trial_5
2024-10-16 12:11:05,832 - INFO - Finalizing trial: trial_5
2024-10-16 12:11:06,341 - INFO - Starting trial: trial_6
2024-10-16 12:11:23,680 - INFO - Finalizing trial: trial_6
2024-10-16 12:11:24,182 - INFO - Starting trial: trial_7
2024-10-16 12:11:41,387 - INFO - Finalizing trial: trial_7
2024-10-16 12:11:41,898 - INFO - Starting trial: trial_8
2024-10-16 12:11:58,236 - INFO - Finalizing trial: trial_8
2024-10-16 12:11:58,746 - INFO - Starting trial: trial_9
2024-10-16 12:12:16,089 - INFO - Finalizing trial: trial_9
2024-10-16 12:12:16,594 - INFO - Starting trial: trial_10
2024-10-16 12:12:32,711 - INFO - Finalizing trial: trial_10
2024-10-16 12:12:33,234 - INFO - Starting trial: trial_11
2024-10-16 12:12:49,980 - INFO - Finalizing trial: trial_11
2024-10-16 12:12:50,495 - INFO - Starting trial: trial_12
2024-10-16 12:13:06,084 - INFO - Finalizing trial: trial_12
2024-10-16 12:13:06,595 - INFO - Starting trial: trial_13
2024-10-16 12:13:22,643 - INFO - Finalizing trial: trial_13
2024-10-16 12:13:23,155 - INFO - Starting trial: trial_14
2024-10-16 12:13:39,848 - INFO - Finalizing trial: trial_14
2024-10-16 12:13:40,358 - INFO - Starting trial: trial_15
2024-10-16 12:13:56,479 - INFO - Finalizing trial: trial_15
2024-10-16 12:13:56,991 - INFO - Starting trial: trial_16
2024-10-16 12:14:13,018 - INFO - Finalizing trial: trial_16
2024-10-16 12:14:13,530 - INFO - Starting trial: trial_17
2024-10-16 12:14:31,218 - INFO - Finalizing trial: trial_17
2024-10-16 12:14:31,725 - INFO - Starting trial: trial_18
2024-10-16 12:14:48,338 - INFO - Finalizing trial: trial_18
2024-10-16 12:14:48,850 - INFO - Starting trial: trial_19
2024-10-16 12:15:05,129 - INFO - Finalizing trial: trial_19
2024-10-16 12:15:05,646 - INFO - Starting trial: trial_20
2024-10-16 12:15:21,610 - INFO - Finalizing trial: trial_20
2024-10-16 12:15:22,121 - INFO - Starting trial: trial_21
2024-10-16 12:15:37,944 - INFO - Finalizing trial: trial_21
2024-10-16 12:15:38,449 - INFO - Starting trial: trial_22
2024-10-16 12:15:54,600 - INFO - Finalizing trial: trial_22
2024-10-16 12:15:55,114 - INFO - Starting trial: trial_23
2024-10-16 12:16:11,876 - INFO - Finalizing trial: trial_23
2024-10-16 12:16:12,396 - INFO - Starting trial: trial_24
2024-10-16 12:16:35,674 - INFO - Finalizing trial: trial_24
2024-10-16 12:16:36,189 - INFO - Starting trial: trial_25
2024-10-16 12:16:52,265 - INFO - Finalizing trial: trial_25
2024-10-16 12:16:52,781 - INFO - Starting trial: trial_26
2024-10-16 12:17:26,272 - INFO - Finalizing trial: trial_26
2024-10-16 12:17:26,789 - INFO - Starting trial: trial_27
2024-10-16 12:17:42,988 - INFO - Finalizing trial: trial_27
2024-10-16 12:17:43,886 - INFO - Starting trial: trial_28
2024-10-16 12:17:59,307 - INFO - Finalizing trial: trial_28
2024-10-16 12:17:59,819 - INFO - Starting trial: trial_29
2024-10-16 12:18:28,374 - INFO - Finalizing trial: trial_29
2024-10-16 12:18:28,885 - INFO - Starting trial: trial_30
2024-10-16 12:18:45,463 - INFO - Finalizing trial: trial_30
2024-10-16 12:18:45,980 - INFO - Starting trial: trial_31
2024-10-16 12:19:01,869 - INFO - Finalizing trial: trial_31
2024-10-16 12:19:02,381 - INFO - Starting trial: trial_32
2024-10-16 12:19:30,776 - INFO - Finalizing trial: trial_32
2024-10-16 12:19:31,292 - INFO - Starting trial: trial_33
2024-10-16 12:19:47,531 - INFO - Finalizing trial: trial_33
2024-10-16 12:19:48,045 - INFO - Starting trial: trial_34
2024-10-16 12:20:04,118 - INFO - Finalizing trial: trial_34
2024-10-16 12:20:04,628 - INFO - Starting trial: trial_35
2024-10-16 12:20:33,488 - INFO - Finalizing trial: trial_35
2024-10-16 12:20:33,998 - INFO - Starting trial: trial_36
2024-10-16 12:20:50,585 - INFO - Finalizing trial: trial_36
2024-10-16 12:20:51,100 - INFO - Starting trial: trial_37
2024-10-16 12:21:07,379 - INFO - Finalizing trial: trial_37
2024-10-16 12:21:07,898 - INFO - Starting trial: trial_38
2024-10-16 12:21:23,825 - INFO - Finalizing trial: trial_38
2024-10-16 12:21:24,338 - INFO - Starting trial: trial_39
2024-10-16 12:21:40,314 - INFO - Finalizing trial: trial_39
2024-10-16 12:21:40,831 - INFO - Starting trial: trial_40
2024-10-16 12:21:56,333 - INFO - Finalizing trial: trial_40
2024-10-16 12:21:56,842 - INFO - Starting trial: trial_41
2024-10-16 12:22:13,350 - INFO - Finalizing trial: trial_41
2024-10-16 12:22:13,908 - INFO - Starting trial: trial_42
2024-10-16 12:22:30,191 - INFO - Finalizing trial: trial_42
2024-10-16 12:22:30,699 - INFO - Starting trial: trial_43
2024-10-16 12:22:47,529 - INFO - Finalizing trial: trial_43
2024-10-16 12:22:48,042 - INFO - Starting trial: trial_44
2024-10-16 12:23:05,673 - INFO - Finalizing trial: trial_44
2024-10-16 12:23:06,194 - INFO - Starting trial: trial_45
2024-10-16 12:23:22,333 - INFO - Finalizing trial: trial_45
2024-10-16 12:23:22,844 - INFO - Starting trial: trial_46
2024-10-16 12:23:38,559 - INFO - Finalizing trial: trial_46
2024-10-16 12:23:39,075 - INFO - Starting trial: trial_47
2024-10-16 12:23:54,952 - INFO - Finalizing trial: trial_47
2024-10-16 12:23:55,465 - INFO - Starting trial: trial_48
2024-10-16 12:24:12,245 - INFO - Finalizing trial: trial_48
2024-10-16 12:24:12,763 - INFO - Starting trial: trial_49
2024-10-16 12:24:28,735 - INFO - Finalizing trial: trial_49
2024-10-16 12:24:29,248 - INFO - Starting trial: trial_50
2024-10-16 12:24:45,279 - INFO - Finalizing trial: trial_50
2024-10-16 12:24:45,794 - INFO - Starting trial: trial_51
2024-10-16 12:25:02,605 - INFO - Finalizing trial: trial_51
2024-10-16 12:25:03,116 - INFO - Starting trial: trial_52
2024-10-16 12:25:27,767 - INFO - Finalizing trial: trial_52
2024-10-16 12:25:28,281 - INFO - Starting trial: trial_53
2024-10-16 12:25:43,908 - INFO - Finalizing trial: trial_53
2024-10-16 12:25:44,422 - INFO - Starting trial: trial_54
2024-10-16 12:26:01,158 - INFO - Finalizing trial: trial_54
2024-10-16 12:26:01,671 - INFO - Starting trial: trial_55
2024-10-16 12:26:31,486 - INFO - Finalizing trial: trial_55
2024-10-16 12:26:32,004 - INFO - Starting trial: trial_56
2024-10-16 12:26:47,800 - INFO - Finalizing trial: trial_56
2024-10-16 12:26:48,314 - INFO - Starting trial: trial_57
2024-10-16 12:27:03,857 - INFO - Finalizing trial: trial_57
2024-10-16 12:27:04,367 - INFO - Starting trial: trial_58
2024-10-16 12:27:34,125 - INFO - Finalizing trial: trial_58
2024-10-16 12:27:34,641 - INFO - Starting trial: trial_59
2024-10-16 12:27:49,765 - INFO - Finalizing trial: trial_59
2024-10-16 12:27:50,288 - INFO - Starting trial: trial_60
2024-10-16 12:28:05,852 - INFO - Finalizing trial: trial_60
2024-10-16 12:28:06,365 - INFO - Starting trial: trial_61
2024-10-16 12:28:37,143 - INFO - Finalizing trial: trial_61
2024-10-16 12:28:37,660 - INFO - Starting trial: trial_62
2024-10-16 12:28:53,627 - INFO - Finalizing trial: trial_62
2024-10-16 12:28:54,141 - INFO - Starting trial: trial_63
2024-10-16 12:29:27,019 - INFO - Finalizing trial: trial_63
2024-10-16 12:29:27,534 - INFO - Starting trial: trial_64
2024-10-16 12:29:43,546 - INFO - Finalizing trial: trial_64
2024-10-16 12:29:44,057 - INFO - Starting trial: trial_65
2024-10-16 12:30:00,673 - INFO - Finalizing trial: trial_65
2024-10-16 12:30:01,191 - INFO - Starting trial: trial_66
2024-10-16 12:30:29,368 - INFO - Finalizing trial: trial_66
2024-10-16 12:30:29,885 - INFO - Starting trial: trial_67
2024-10-16 12:30:45,768 - INFO - Finalizing trial: trial_67
2024-10-16 12:30:46,283 - INFO - Starting trial: trial_68
2024-10-16 12:31:02,293 - INFO - Finalizing trial: trial_68
2024-10-16 12:31:02,805 - INFO - Starting trial: trial_69
2024-10-16 12:31:31,914 - INFO - Finalizing trial: trial_69
2024-10-16 12:31:32,429 - INFO - Starting trial: trial_70
2024-10-16 12:31:48,903 - INFO - Finalizing trial: trial_70
2024-10-16 12:31:49,417 - INFO - Starting trial: trial_71
2024-10-16 12:32:06,259 - INFO - Finalizing trial: trial_71
2024-10-16 12:32:06,772 - INFO - Starting trial: trial_72
2024-10-16 12:32:35,865 - INFO - Finalizing trial: trial_72
2024-10-16 12:32:36,380 - INFO - Starting trial: trial_73
2024-10-16 12:32:52,610 - INFO - Finalizing trial: trial_73
2024-10-16 12:32:53,123 - INFO - Starting trial: trial_74
2024-10-16 12:33:09,277 - INFO - Finalizing trial: trial_74
2024-10-16 12:33:09,792 - INFO - Starting trial: trial_75
2024-10-16 12:33:37,400 - INFO - Finalizing trial: trial_75
2024-10-16 12:33:37,918 - INFO - Starting trial: trial_76
2024-10-16 12:33:54,929 - INFO - Finalizing trial: trial_76
2024-10-16 12:33:55,448 - INFO - Starting trial: trial_77
2024-10-16 12:34:27,761 - INFO - Finalizing trial: trial_77
2024-10-16 12:34:28,277 - INFO - Starting trial: trial_78
2024-10-16 12:34:44,847 - INFO - Finalizing trial: trial_78
2024-10-16 12:34:45,362 - INFO - Starting trial: trial_79
2024-10-16 12:35:01,400 - INFO - Finalizing trial: trial_79
2024-10-16 12:35:01,914 - INFO - Starting trial: trial_80
2024-10-16 12:35:30,353 - INFO - Finalizing trial: trial_80
2024-10-16 12:35:30,868 - INFO - Starting trial: trial_81
2024-10-16 12:35:47,979 - INFO - Finalizing trial: trial_81
2024-10-16 12:35:48,497 - INFO - Starting trial: trial_82
2024-10-16 12:36:04,850 - INFO - Finalizing trial: trial_82
2024-10-16 12:36:05,368 - INFO - Starting trial: trial_83
2024-10-16 12:36:34,005 - INFO - Finalizing trial: trial_83
2024-10-16 12:36:34,518 - INFO - Starting trial: trial_84
2024-10-16 12:36:51,049 - INFO - Finalizing trial: trial_84
2024-10-16 12:36:51,566 - INFO - Starting trial: trial_85
2024-10-16 12:37:08,938 - INFO - Finalizing trial: trial_85
2024-10-16 12:37:09,456 - INFO - Starting trial: trial_86
2024-10-16 12:37:36,662 - INFO - Finalizing trial: trial_86
2024-10-16 12:37:37,175 - INFO - Starting trial: trial_87
2024-10-16 12:37:53,589 - INFO - Finalizing trial: trial_87
2024-10-16 12:37:54,103 - INFO - Starting trial: trial_88
2024-10-16 12:38:26,729 - INFO - Finalizing trial: trial_88
2024-10-16 12:38:27,243 - INFO - Starting trial: trial_89
2024-10-16 12:38:44,638 - INFO - Finalizing trial: trial_89
2024-10-16 12:38:45,161 - INFO - Starting trial: trial_90
2024-10-16 12:39:01,886 - INFO - Finalizing trial: trial_90
2024-10-16 12:39:02,403 - INFO - Starting trial: trial_91
2024-10-16 12:39:29,358 - INFO - Finalizing trial: trial_91
2024-10-16 12:39:29,873 - INFO - Starting trial: trial_92
2024-10-16 12:39:45,504 - INFO - Finalizing trial: trial_92
2024-10-16 12:39:46,022 - INFO - Starting trial: trial_93
2024-10-16 12:40:02,051 - INFO - Finalizing trial: trial_93
2024-10-16 12:40:02,563 - INFO - Starting trial: trial_94
2024-10-16 12:40:31,793 - INFO - Finalizing trial: trial_94
2024-10-16 12:40:32,310 - INFO - Starting trial: trial_95
2024-10-16 12:40:48,455 - INFO - Finalizing trial: trial_95
2024-10-16 12:40:48,976 - INFO - Starting trial: trial_96
2024-10-16 12:41:05,998 - INFO - Finalizing trial: trial_96
2024-10-16 12:41:06,513 - INFO - Starting trial: trial_97
2024-10-16 12:41:34,840 - INFO - Finalizing trial: trial_97
2024-10-16 12:41:35,356 - INFO - Starting trial: trial_98
2024-10-16 12:41:52,533 - INFO - Finalizing trial: trial_98
2024-10-16 12:41:53,049 - INFO - Starting trial: trial_99
2024-10-16 12:42:09,456 - INFO - Finalizing trial: trial_99
2024-10-16 12:42:09,973 - INFO - Starting trial: trial_100
2024-10-16 12:42:37,556 - INFO - Finalizing trial: trial_100
2024-10-16 12:42:38,037 - INFO - Finalizing experiment: Chihuahua vs Muffin Test Experiment
